[2021-12-29T20:54:25.395] [ERROR] error - TypeError: Converting circular structure to JSON
    --> starting at object with constructor 'Topology'
    |     property 's' -> object with constructor 'Object'
    |     property 'sessionPool' -> object with constructor 'ServerSessionPool'
    --- property 'topology' closes the circle
    at JSON.stringify (<anonymous>)
    at /Users/mengweixu/my-project/x-admin/x-admin-node/node_modules/koa-json/index.js:50:32
    at runMicrotasks (<anonymous>)
    at processTicksAndRejections (node:internal/process/task_queues:96:5)
    at async bodyParser (/Users/mengweixu/my-project/x-admin/x-admin-node/node_modules/koa-bodyparser/index.js:95:5)
[2021-12-29T20:54:32.686] [ERROR] error - TypeError: Converting circular structure to JSON
    --> starting at object with constructor 'Topology'
    |     property 's' -> object with constructor 'Object'
    |     property 'sessionPool' -> object with constructor 'ServerSessionPool'
    --- property 'topology' closes the circle
    at JSON.stringify (<anonymous>)
    at /Users/mengweixu/my-project/x-admin/x-admin-node/node_modules/koa-json/index.js:50:32
    at runMicrotasks (<anonymous>)
    at processTicksAndRejections (node:internal/process/task_queues:96:5)
    at async bodyParser (/Users/mengweixu/my-project/x-admin/x-admin-node/node_modules/koa-bodyparser/index.js:95:5)
[2021-12-29T20:55:46.123] [ERROR] error - TypeError: Converting circular structure to JSON
    --> starting at object with constructor 'Topology'
    |     property 's' -> object with constructor 'Object'
    |     property 'sessionPool' -> object with constructor 'ServerSessionPool'
    --- property 'topology' closes the circle
    at JSON.stringify (<anonymous>)
    at /Users/mengweixu/my-project/x-admin/x-admin-node/node_modules/koa-json/index.js:50:32
    at processTicksAndRejections (node:internal/process/task_queues:96:5)
    at async bodyParser (/Users/mengweixu/my-project/x-admin/x-admin-node/node_modules/koa-bodyparser/index.js:95:5)
[2021-12-29T20:57:15.123] [ERROR] error - TypeError: Converting circular structure to JSON
    --> starting at object with constructor 'Topology'
    |     property 's' -> object with constructor 'Object'
    |     property 'sessionPool' -> object with constructor 'ServerSessionPool'
    --- property 'topology' closes the circle
    at JSON.stringify (<anonymous>)
    at /Users/mengweixu/my-project/x-admin/x-admin-node/node_modules/koa-json/index.js:50:32
    at processTicksAndRejections (node:internal/process/task_queues:96:5)
    at async bodyParser (/Users/mengweixu/my-project/x-admin/x-admin-node/node_modules/koa-bodyparser/index.js:95:5)
[2021-12-29T20:57:42.707] [ERROR] error - TypeError: Converting circular structure to JSON
    --> starting at object with constructor 'Topology'
    |     property 's' -> object with constructor 'Object'
    |     property 'sessionPool' -> object with constructor 'ServerSessionPool'
    --- property 'topology' closes the circle
    at JSON.stringify (<anonymous>)
    at /Users/mengweixu/my-project/x-admin/x-admin-node/node_modules/koa-json/index.js:50:32
    at processTicksAndRejections (node:internal/process/task_queues:96:5)
    at async bodyParser (/Users/mengweixu/my-project/x-admin/x-admin-node/node_modules/koa-bodyparser/index.js:95:5)
[2021-12-29T20:59:21.131] [ERROR] error - TypeError: Converting circular structure to JSON
    --> starting at object with constructor 'Topology'
    |     property 's' -> object with constructor 'Object'
    |     property 'sessionPool' -> object with constructor 'ServerSessionPool'
    --- property 'topology' closes the circle
    at JSON.stringify (<anonymous>)
    at /Users/mengweixu/my-project/x-admin/x-admin-node/node_modules/koa-json/index.js:50:32
    at processTicksAndRejections (node:internal/process/task_queues:96:5)
    at async bodyParser (/Users/mengweixu/my-project/x-admin/x-admin-node/node_modules/koa-bodyparser/index.js:95:5)
[2021-12-29T20:59:46.483] [ERROR] error - TypeError: Converting circular structure to JSON
    --> starting at object with constructor 'Topology'
    |     property 's' -> object with constructor 'Object'
    |     property 'sessionPool' -> object with constructor 'ServerSessionPool'
    --- property 'topology' closes the circle
    at JSON.stringify (<anonymous>)
    at /Users/mengweixu/my-project/x-admin/x-admin-node/node_modules/koa-json/index.js:50:32
    at processTicksAndRejections (node:internal/process/task_queues:96:5)
    at async bodyParser (/Users/mengweixu/my-project/x-admin/x-admin-node/node_modules/koa-bodyparser/index.js:95:5)
