[2021-12-02T08:55:12.544] [ERROR] error - ***数据库连接失败: MongooseServerSelectionError: connect ECONNREFUSED 127.0.0.1:27017
[2021-12-02T18:19:23.310] [ERROR] error - ***数据库连接失败: MongooseServerSelectionError: connect ECONNREFUSED 127.0.0.1:27017
[2021-12-02T22:22:00.375] [ERROR] error - TypeError: allMenu.findOne is not a function
    at /Users/mengweixu/my-project/x-admin/x-admin-node/routes/menus.js:50:24
    at processTicksAndRejections (node:internal/process/task_queues:96:5)
    at async /Users/mengweixu/my-project/x-admin/x-admin-node/app.js:42:3
    at async serve (/Users/mengweixu/my-project/x-admin/x-admin-node/node_modules/koa-static/index.js:53:9)
    at async bodyParser (/Users/mengweixu/my-project/x-admin/x-admin-node/node_modules/koa-bodyparser/index.js:95:5)
[2021-12-02T22:22:33.633] [ERROR] error - TypeError: allMenu.findOne is not a function
    at /Users/mengweixu/my-project/x-admin/x-admin-node/routes/menus.js:51:24
    at processTicksAndRejections (node:internal/process/task_queues:96:5)
    at async /Users/mengweixu/my-project/x-admin/x-admin-node/app.js:42:3
    at async serve (/Users/mengweixu/my-project/x-admin/x-admin-node/node_modules/koa-static/index.js:53:9)
    at async bodyParser (/Users/mengweixu/my-project/x-admin/x-admin-node/node_modules/koa-bodyparser/index.js:95:5)
[2021-12-02T22:24:12.799] [ERROR] error - TypeError: Cannot read property '0' of undefined
    at /Users/mengweixu/my-project/x-admin/x-admin-node/routes/menus.js:51:62
    at processTicksAndRejections (node:internal/process/task_queues:96:5)
    at async /Users/mengweixu/my-project/x-admin/x-admin-node/app.js:42:3
    at async serve (/Users/mengweixu/my-project/x-admin/x-admin-node/node_modules/koa-static/index.js:53:9)
    at async bodyParser (/Users/mengweixu/my-project/x-admin/x-admin-node/node_modules/koa-bodyparser/index.js:95:5)
[2021-12-02T22:24:52.783] [ERROR] error - TypeError: Cannot set property 'children' of undefined
    at /Users/mengweixu/my-project/x-admin/x-admin-node/routes/menus.js:54:21
    at processTicksAndRejections (node:internal/process/task_queues:96:5)
    at async /Users/mengweixu/my-project/x-admin/x-admin-node/app.js:42:3
    at async serve (/Users/mengweixu/my-project/x-admin/x-admin-node/node_modules/koa-static/index.js:53:9)
    at async bodyParser (/Users/mengweixu/my-project/x-admin/x-admin-node/node_modules/koa-bodyparser/index.js:95:5)
[2021-12-02T22:25:17.493] [ERROR] error - TypeError: Cannot set property 'children' of undefined
    at /Users/mengweixu/my-project/x-admin/x-admin-node/routes/menus.js:54:21
    at processTicksAndRejections (node:internal/process/task_queues:96:5)
    at async /Users/mengweixu/my-project/x-admin/x-admin-node/app.js:42:3
    at async serve (/Users/mengweixu/my-project/x-admin/x-admin-node/node_modules/koa-static/index.js:53:9)
    at async bodyParser (/Users/mengweixu/my-project/x-admin/x-admin-node/node_modules/koa-bodyparser/index.js:95:5)
[2021-12-02T22:25:49.678] [ERROR] error - TypeError: parent.find is not a function
    at /Users/mengweixu/my-project/x-admin/x-admin-node/routes/menus.js:53:21
    at processTicksAndRejections (node:internal/process/task_queues:96:5)
    at async /Users/mengweixu/my-project/x-admin/x-admin-node/app.js:42:3
    at async serve (/Users/mengweixu/my-project/x-admin/x-admin-node/node_modules/koa-static/index.js:53:9)
    at async bodyParser (/Users/mengweixu/my-project/x-admin/x-admin-node/node_modules/koa-bodyparser/index.js:95:5)
[2021-12-02T22:26:04.186] [ERROR] error - TypeError: Cannot read property '0' of undefined
    at /Users/mengweixu/my-project/x-admin/x-admin-node/routes/menus.js:53:79
    at processTicksAndRejections (node:internal/process/task_queues:96:5)
    at async /Users/mengweixu/my-project/x-admin/x-admin-node/app.js:42:3
    at async serve (/Users/mengweixu/my-project/x-admin/x-admin-node/node_modules/koa-static/index.js:53:9)
    at async bodyParser (/Users/mengweixu/my-project/x-admin/x-admin-node/node_modules/koa-bodyparser/index.js:95:5)
[2021-12-02T22:26:22.519] [ERROR] error - TypeError: Cannot read property '0' of undefined
    at /Users/mengweixu/my-project/x-admin/x-admin-node/routes/menus.js:54:79
    at processTicksAndRejections (node:internal/process/task_queues:96:5)
    at async /Users/mengweixu/my-project/x-admin/x-admin-node/app.js:42:3
    at async serve (/Users/mengweixu/my-project/x-admin/x-admin-node/node_modules/koa-static/index.js:53:9)
    at async bodyParser (/Users/mengweixu/my-project/x-admin/x-admin-node/node_modules/koa-bodyparser/index.js:95:5)
[2021-12-02T22:27:13.819] [ERROR] error - TypeError: Cannot read property 'find' of undefined
    at /Users/mengweixu/my-project/x-admin/x-admin-node/routes/menus.js:54:30
    at processTicksAndRejections (node:internal/process/task_queues:96:5)
    at async /Users/mengweixu/my-project/x-admin/x-admin-node/app.js:42:3
    at async serve (/Users/mengweixu/my-project/x-admin/x-admin-node/node_modules/koa-static/index.js:53:9)
    at async bodyParser (/Users/mengweixu/my-project/x-admin/x-admin-node/node_modules/koa-bodyparser/index.js:95:5)
[2021-12-02T22:27:33.331] [ERROR] error - TypeError: Cannot read property 'find' of undefined
    at /Users/mengweixu/my-project/x-admin/x-admin-node/routes/menus.js:54:30
    at processTicksAndRejections (node:internal/process/task_queues:96:5)
    at async /Users/mengweixu/my-project/x-admin/x-admin-node/app.js:42:3
    at async serve (/Users/mengweixu/my-project/x-admin/x-admin-node/node_modules/koa-static/index.js:53:9)
    at async bodyParser (/Users/mengweixu/my-project/x-admin/x-admin-node/node_modules/koa-bodyparser/index.js:95:5)
[2021-12-02T22:27:52.773] [ERROR] error - TypeError: Cannot read property 'find' of undefined
    at /Users/mengweixu/my-project/x-admin/x-admin-node/routes/menus.js:54:30
    at processTicksAndRejections (node:internal/process/task_queues:96:5)
    at async /Users/mengweixu/my-project/x-admin/x-admin-node/app.js:42:3
    at async serve (/Users/mengweixu/my-project/x-admin/x-admin-node/node_modules/koa-static/index.js:53:9)
    at async bodyParser (/Users/mengweixu/my-project/x-admin/x-admin-node/node_modules/koa-bodyparser/index.js:95:5)
